<?xml version="1.0" encoding="UTF-8"?>
<!-- Generated by org.testng.reporters.JUnitXMLReporter -->
<testsuite hostname="HIPUNL102063" ignored="0" name="Default test" tests="4" failures="0" timestamp="10 Nov 2020 19:54:12 GMT" time="0.077" errors="0">
  <testcase name="sum2" time="0.014" classname="TestNg.DataProviderclass"/>
  <testcase name="sum2" time="0.006" classname="TestNg.DataProviderclass"/>
  <testcase name="sum2" time="0.004" classname="TestNg.DataProviderclass"/>
  <testcase name="sum2" time="0.002" classname="TestNg.DataProviderclass"/>
</testsuite> <!-- Default test -->
