# JRE version: Java(TM) SE Runtime Environment (8.0_201-b09) (build 1.8.0_201-b09)
# Java VM: Java HotSpot(TM) 64-Bit Server VM (25.201-b09 mixed mode windows-amd64 compressed oops)
Heap:
 PSYoungGen      total 35840K, used 12864K [0x00000000d8780000, 0x00000000daf80000, 0x0000000100000000)
  eden space 30720K, 25% used [0x00000000d8780000,0x00000000d8f182c8,0x00000000da580000)
  from space 5120K, 99% used [0x00000000daa80000,0x00000000daf78060,0x00000000daf80000)
  to   space 5120K, 0% used [0x00000000da580000,0x00000000da580000,0x00000000daa80000)
 ParOldGen       total 81920K, used 4407K [0x0000000089600000, 0x000000008e600000, 0x00000000d8780000)
  object space 81920K, 5% used [0x0000000089600000,0x0000000089a4dc40,0x000000008e600000)
 Metaspace       used 18639K, capacity 19398K, committed 19456K, reserved 1067008K
  class space    used 2330K, capacity 2529K, committed 2560K, reserved 1048576K
GC Heap History (4 events):
Event: 2.700 GC heap before
{Heap before GC invocations=1 (full 0):
 PSYoungGen      total 35840K, used 30720K [0x00000000d8780000, 0x00000000daf80000, 0x0000000100000000)
  eden space 30720K, 100% used [0x00000000d8780000,0x00000000da580000,0x00000000da580000)
  from space 5120K, 0% used [0x00000000daa80000,0x00000000daa80000,0x00000000daf80000)
  to   space 5120K, 0% used [0x00000000da580000,0x00000000da580000,0x00000000daa80000)
 ParOldGen       total 81920K, used 0K [0x0000000089600000, 0x000000008e600000, 0x00000000d8780000)
  object space 81920K, 0% used [0x0000000089600000,0x0000000089600000,0x000000008e600000)
 Metaspace       used 12261K, capacity 12530K, committed 12928K, reserved 1060864K
  class space    used 1424K, capacity 1549K, committed 1664K, reserved 1048576K
Event: 2.715 GC heap after
Heap after GC invocations=1 (full 0):
 PSYoungGen      total 35840K, used 5104K [0x00000000d8780000, 0x00000000daf80000, 0x0000000100000000)
  eden space 30720K, 0% used [0x00000000d8780000,0x00000000d8780000,0x00000000da580000)
  from space 5120K, 99% used [0x00000000da580000,0x00000000daa7c230,0x00000000daa80000)
  to   space 5120K, 0% used [0x00000000daa80000,0x00000000daa80000,0x00000000daf80000)
 ParOldGen       total 81920K, used 786K [0x0000000089600000, 0x000000008e600000, 0x00000000d8780000)
  object space 81920K, 0% used [0x0000000089600000,0x00000000896c4a58,0x000000008e600000)
 Metaspace       used 12261K, capacity 12530K, committed 12928K, reserved 1060864K
  class space    used 1424K, capacity 1549K, committed 1664K, reserved 1048576K
}
Event: 3.939 GC heap before
{Heap before GC invocations=2 (full 0):
 PSYoungGen      total 35840K, used 35824K [0x00000000d8780000, 0x00000000daf80000, 0x0000000100000000)
  eden space 30720K, 100% used [0x00000000d8780000,0x00000000da580000,0x00000000da580000)
  from space 5120K, 99% used [0x00000000da580000,0x00000000daa7c230,0x00000000daa80000)
  to   space 5120K, 0% used [0x00000000daa80000,0x00000000daa80000,0x00000000daf80000)
 ParOldGen       total 81920K, used 786K [0x0000000089600000, 0x000000008e600000, 0x00000000d8780000)
  object space 81920K, 0% used [0x0000000089600000,0x00000000896c4a58,0x000000008e600000)
 Metaspace       used 17413K, capacity 18140K, committed 18304K, reserved 1064960K
  class space    used 2184K, capacity 2378K, committed 2432K, reserved 1048576K
Event: 3.950 GC heap after
Heap after GC invocations=2 (full 0):
 PSYoungGen      total 35840K, used 5088K [0x00000000d8780000, 0x00000000daf80000, 0x0000000100000000)
  eden space 30720K, 0% used [0x00000000d8780000,0x00000000d8780000,0x00000000da580000)
  from space 5120K, 99% used [0x00000000daa80000,0x00000000daf78060,0x00000000daf80000)
  to   space 5120K, 0% used [0x00000000da580000,0x00000000da580000,0x00000000daa80000)
 ParOldGen       total 81920K, used 4407K [0x0000000089600000, 0x000000008e600000, 0x00000000d8780000)
  object space 81920K, 5% used [0x0000000089600000,0x0000000089a4dc40,0x000000008e600000)
 Metaspace       used 17413K, capacity 18140K, committed 18304K, reserved 1064960K
  class space    used 2184K, capacity 2378K, committed 2432K, reserved 1048576K
}

