# JRE version: Java(TM) SE Runtime Environment (8.0_201-b09) (build 1.8.0_201-b09)
# Java VM: Java HotSpot(TM) 64-Bit Server VM (25.201-b09 mixed mode windows-amd64 compressed oops)
Heap:
 PSYoungGen      total 35840K, used 12896K [0x00000000d8780000, 0x00000000daf80000, 0x0000000100000000)
  eden space 30720K, 25% used [0x00000000d8780000,0x00000000d8f1c190,0x00000000da580000)
  from space 5120K, 99% used [0x00000000daa80000,0x00000000daf7c070,0x00000000daf80000)
  to   space 5120K, 0% used [0x00000000da580000,0x00000000da580000,0x00000000daa80000)
 ParOldGen       total 81920K, used 4412K [0x0000000089600000, 0x000000008e600000, 0x00000000d8780000)
  object space 81920K, 5% used [0x0000000089600000,0x0000000089a4f3e8,0x000000008e600000)
 Metaspace       used 18629K, capacity 19334K, committed 19456K, reserved 1067008K
  class space    used 2329K, capacity 2529K, committed 2560K, reserved 1048576K
GC Heap History (4 events):
Event: 2.712 GC heap before
{Heap before GC invocations=1 (full 0):
 PSYoungGen      total 35840K, used 30720K [0x00000000d8780000, 0x00000000daf80000, 0x0000000100000000)
  eden space 30720K, 100% used [0x00000000d8780000,0x00000000da580000,0x00000000da580000)
  from space 5120K, 0% used [0x00000000daa80000,0x00000000daa80000,0x00000000daf80000)
  to   space 5120K, 0% used [0x00000000da580000,0x00000000da580000,0x00000000daa80000)
 ParOldGen       total 81920K, used 0K [0x0000000089600000, 0x000000008e600000, 0x00000000d8780000)
  object space 81920K, 0% used [0x0000000089600000,0x0000000089600000,0x000000008e600000)
 Metaspace       used 12232K, capacity 12466K, committed 12672K, reserved 1060864K
  class space    used 1420K, capacity 1549K, committed 1664K, reserved 1048576K
Event: 2.719 GC heap after
Heap after GC invocations=1 (full 0):
 PSYoungGen      total 35840K, used 5097K [0x00000000d8780000, 0x00000000daf80000, 0x0000000100000000)
  eden space 30720K, 0% used [0x00000000d8780000,0x00000000d8780000,0x00000000da580000)
  from space 5120K, 99% used [0x00000000da580000,0x00000000daa7a468,0x00000000daa80000)
  to   space 5120K, 0% used [0x00000000daa80000,0x00000000daa80000,0x00000000daf80000)
 ParOldGen       total 81920K, used 824K [0x0000000089600000, 0x000000008e600000, 0x00000000d8780000)
  object space 81920K, 1% used [0x0000000089600000,0x00000000896ce138,0x000000008e600000)
 Metaspace       used 12232K, capacity 12466K, committed 12672K, reserved 1060864K
  class space    used 1420K, capacity 1549K, committed 1664K, reserved 1048576K
}
Event: 3.994 GC heap before
{Heap before GC invocations=2 (full 0):
 PSYoungGen      total 35840K, used 35817K [0x00000000d8780000, 0x00000000daf80000, 0x0000000100000000)
  eden space 30720K, 100% used [0x00000000d8780000,0x00000000da580000,0x00000000da580000)
  from space 5120K, 99% used [0x00000000da580000,0x00000000daa7a468,0x00000000daa80000)
  to   space 5120K, 0% used [0x00000000daa80000,0x00000000daa80000,0x00000000daf80000)
 ParOldGen       total 81920K, used 824K [0x0000000089600000, 0x000000008e600000, 0x00000000d8780000)
  object space 81920K, 1% used [0x0000000089600000,0x00000000896ce138,0x000000008e600000)
 Metaspace       used 17396K, capacity 18108K, committed 18304K, reserved 1064960K
  class space    used 2178K, capacity 2346K, committed 2432K, reserved 1048576K
Event: 4.005 GC heap after
Heap after GC invocations=2 (full 0):
 PSYoungGen      total 35840K, used 5104K [0x00000000d8780000, 0x00000000daf80000, 0x0000000100000000)
  eden space 30720K, 0% used [0x00000000d8780000,0x00000000d8780000,0x00000000da580000)
  from space 5120K, 99% used [0x00000000daa80000,0x00000000daf7c070,0x00000000daf80000)
  to   space 5120K, 0% used [0x00000000da580000,0x00000000da580000,0x00000000daa80000)
 ParOldGen       total 81920K, used 4412K [0x0000000089600000, 0x000000008e600000, 0x00000000d8780000)
  object space 81920K, 5% used [0x0000000089600000,0x0000000089a4f3e8,0x000000008e600000)
 Metaspace       used 17396K, capacity 18108K, committed 18304K, reserved 1064960K
  class space    used 2178K, capacity 2346K, committed 2432K, reserved 1048576K
}

