<?xml version="1.0" encoding="UTF-8"?>
<!-- Generated by org.testng.reporters.JUnitXMLReporter -->
<testsuite hostname="HIPUNL102063" ignored="0" name="Test" tests="2" failures="2" timestamp="10 Nov 2020 20:32:24 GMT" time="0.079" errors="0">
  <testcase name="sum" time="0.021" classname="TestNg.ListenerImplementaioncheck">
    <failure type="java.lang.AssertionError" message="expected [2] but found [1]">
      <![CDATA[java.lang.AssertionError: expected [2] but found [1]
at TestNg.ListenerImplementaioncheck.sum(ListenerImplementaioncheck.java:12)
... Removed 31 stack frames]]>
    </failure>
  </testcase> <!-- sum -->
  <testcase name="sum1" time="0.007" classname="TestNg.ListenerImplementaioncheck">
    <failure type="java.lang.AssertionError" message="expected [2] but found [1]">
      <![CDATA[java.lang.AssertionError: expected [2] but found [1]
at TestNg.ListenerImplementaioncheck.sum1(ListenerImplementaioncheck.java:19)
... Removed 31 stack frames]]>
    </failure>
  </testcase> <!-- sum1 -->
</testsuite> <!-- Test -->
