<?xml version="1.0" encoding="UTF-8"?>
<testng-results ignored="0" total="4" passed="4" failed="0" skipped="0">
  <reporter-output>
  </reporter-output>
  <suite started-at="2021-09-13T10:46:20 IST" name="Suite" finished-at="2021-09-13T10:46:20 IST" duration-ms="82">
    <groups>
    </groups>
    <test started-at="2021-09-13T10:46:20 IST" name="Test" finished-at="2021-09-13T10:46:20 IST" duration-ms="82">
      <class name="Test.Demo2">
        <test-method signature="PrintBye2()[pri:0, instance:Test.Demo2@482bce4f]" started-at="2021-09-13T10:46:20 IST" name="PrintBye2" finished-at="2021-09-13T10:46:20 IST" duration-ms="2" status="PASS">
          <reporter-output>
          </reporter-output>
        </test-method> <!-- PrintBye2 -->
        <test-method signature="PrintHi2()[pri:0, instance:Test.Demo2@482bce4f]" started-at="2021-09-13T10:46:20 IST" name="PrintHi2" finished-at="2021-09-13T10:46:20 IST" duration-ms="2" status="PASS">
          <reporter-output>
          </reporter-output>
        </test-method> <!-- PrintHi2 -->
      </class> <!-- Test.Demo2 -->
      <class name="Test.Demo">
        <test-method signature="PrintBye2()[pri:0, instance:Test.Demo@68e965f5]" started-at="2021-09-13T10:46:20 IST" name="PrintBye2" finished-at="2021-09-13T10:46:20 IST" duration-ms="11" status="PASS">
          <reporter-output>
          </reporter-output>
        </test-method> <!-- PrintBye2 -->
        <test-method signature="PrintHi1()[pri:0, instance:Test.Demo@68e965f5]" started-at="2021-09-13T10:46:20 IST" name="PrintHi1" finished-at="2021-09-13T10:46:20 IST" duration-ms="2" status="PASS">
          <reporter-output>
          </reporter-output>
        </test-method> <!-- PrintHi1 -->
      </class> <!-- Test.Demo -->
    </test> <!-- Test -->
  </suite> <!-- Suite -->
</testng-results>
