<?xml version="1.0" encoding="UTF-8"?>
<!-- Generated by org.testng.reporters.JUnitXMLReporter -->
<testsuite ignored="0" hostname="HIPUNL102063" failures="0" tests="4" name="Test" time="0.082" errors="0" timestamp="2021-09-13T10:46:20 IST">
  <testcase classname="Test.Demo" name="PrintBye2" time="0.011"/>
  <testcase classname="Test.Demo" name="PrintHi1" time="0.002"/>
  <testcase classname="Test.Demo2" name="PrintBye2" time="0.002"/>
  <testcase classname="Test.Demo2" name="PrintHi2" time="0.002"/>
</testsuite> <!-- Test -->
